2022-01-30 23:26:04,917 [Worker-0: Loading available Gradle versions] INFO  o.e.b.c.i.u.g.PublishedGradleVersions - Gradle version information cache is up-to-date. Trying to read.
2022-01-30 23:35:36,587 [Worker-16: Enabling Maven Dependency Management] INFO  o.e.m.c.i.l.LifecycleMappingFactory - Using org.maven.ide.eclipse.wtp.WarLifecycleMapping lifecycle mapping for MavenProject: MSESExercicio7:MSESExercicio7:0.0.1-SNAPSHOT @ C:\Users\Muryllo\Desktop\MSESExercicio7\MSESExercicio7\pom.xml.
2022-01-30 23:35:39,309 [Worker-22: Building] WARN  o.e.m.c.i.embedder.EclipseLogger - Using platform encoding (Cp1252 actually) to copy filtered resources, i.e. build is platform dependent!
2022-01-30 23:35:39,310 [Worker-22: Building] INFO  o.e.m.c.i.embedder.EclipseLogger - skip non existing resourceDirectory C:\Users\Muryllo\Desktop\MSESExercicio7\MSESExercicio7\src\main\resources
2022-01-30 23:35:39,314 [Worker-22: Building] WARN  o.e.m.c.i.embedder.EclipseLogger - Using platform encoding (Cp1252 actually) to copy filtered resources, i.e. build is platform dependent!
2022-01-30 23:35:39,315 [Worker-22: Building] INFO  o.e.m.c.i.embedder.EclipseLogger - skip non existing resourceDirectory C:\Users\Muryllo\Desktop\MSESExercicio7\MSESExercicio7\src\test\resources
2022-01-30 23:35:39,344 [Worker-16: Enabling Maven Dependency Management] INFO  o.e.m.j.i.AbstractJavaProjectConfigurator - Adding source folder /MSESExercicio7/src/main/java
2022-01-30 23:35:39,345 [Worker-16: Enabling Maven Dependency Management] INFO  o.e.m.j.i.AbstractJavaProjectConfigurator - Adding source folder /MSESExercicio7/src/test/java
2022-01-30 23:35:39,774 [Worker-16: Enabling Maven Dependency Management] INFO  o.e.m.c.i.p.ProjectConfigurationManager - Update started
2022-01-30 23:35:40,015 [Worker-16: Enabling Maven Dependency Management] INFO  o.e.m.c.i.l.LifecycleMappingFactory - Using org.maven.ide.eclipse.wtp.WarLifecycleMapping lifecycle mapping for MavenProject: MSESExercicio7:MSESExercicio7:0.0.1-SNAPSHOT @ C:\Users\Muryllo\Desktop\MSESExercicio7\MSESExercicio7\pom.xml.
2022-01-30 23:35:40,560 [Worker-16: Enabling Maven Dependency Management] INFO  o.e.m.j.i.AbstractJavaProjectConfigurator - Adding source folder /MSESExercicio7/src/main/java
2022-01-30 23:35:40,561 [Worker-16: Enabling Maven Dependency Management] INFO  o.e.m.j.i.AbstractJavaProjectConfigurator - Adding source folder /MSESExercicio7/src/test/java
2022-01-30 23:35:40,791 [Worker-16: Enabling Maven Dependency Management] INFO  o.e.m.w.i.f.ResourceFilteringBuildParticipant - Cleaning filtered folder for MSESExercicio7
2022-01-30 23:35:40,810 [Worker-16: Enabling Maven Dependency Management] INFO  o.e.m.c.i.p.ProjectConfigurationManager - Update completed: 1 sec
2022-01-30 23:35:40,992 [Worker-24: Building] WARN  o.e.m.c.i.embedder.EclipseLogger - Using platform encoding (Cp1252 actually) to copy filtered resources, i.e. build is platform dependent!
2022-01-30 23:35:40,993 [Worker-24: Building] INFO  o.e.m.c.i.embedder.EclipseLogger - skip non existing resourceDirectory C:\Users\Muryllo\Desktop\MSESExercicio7\MSESExercicio7\src\main\resources
2022-01-30 23:35:40,996 [Worker-24: Building] WARN  o.e.m.c.i.embedder.EclipseLogger - Using platform encoding (Cp1252 actually) to copy filtered resources, i.e. build is platform dependent!
2022-01-30 23:35:40,996 [Worker-24: Building] INFO  o.e.m.c.i.embedder.EclipseLogger - skip non existing resourceDirectory C:\Users\Muryllo\Desktop\MSESExercicio7\MSESExercicio7\src\test\resources
2022-01-30 23:35:40,997 [Worker-24: Building] INFO  o.e.m.w.i.f.ResourceFilteringBuildParticipant - Changed resources require a complete clean of filtered resources of MSESExercicio7
2022-01-30 23:35:40,998 [Worker-24: Building] INFO  o.e.m.w.i.f.ResourceFilteringBuildParticipant - Executing resource filtering for MSESExercicio7
2022-01-30 23:35:41,002 [Worker-24: Building] WARN  o.e.m.c.i.embedder.EclipseLogger - The POM for org.apache.maven.plugins:maven-clean-plugin:jar:2.5 is missing, no dependency information available
2022-01-30 23:35:41,009 [Worker-24: Building] WARN  o.e.m.c.i.embedder.EclipseLogger - Using platform encoding (Cp1252 actually) to copy filtered resources, i.e. build is platform dependent!
2022-01-30 23:36:07,049 [Worker-24: Building] INFO  o.e.m.c.i.l.LifecycleMappingFactory - Using org.maven.ide.eclipse.wtp.WarLifecycleMapping lifecycle mapping for MavenProject: MSESExercicio7:MSESExercicio7:0.0.1-SNAPSHOT @ C:\Users\Muryllo\Desktop\MSESExercicio7\MSESExercicio7\pom.xml.
2022-01-30 23:36:07,613 [Worker-24: Building] WARN  o.e.m.c.i.embedder.EclipseLogger - Using platform encoding (Cp1252 actually) to copy filtered resources, i.e. build is platform dependent!
2022-01-30 23:36:07,614 [Worker-24: Building] INFO  o.e.m.c.i.embedder.EclipseLogger - skip non existing resourceDirectory C:\Users\Muryllo\Desktop\MSESExercicio7\MSESExercicio7\src\main\resources
2022-01-30 23:36:07,616 [Worker-24: Building] WARN  o.e.m.c.i.embedder.EclipseLogger - Using platform encoding (Cp1252 actually) to copy filtered resources, i.e. build is platform dependent!
2022-01-30 23:36:07,617 [Worker-24: Building] INFO  o.e.m.c.i.embedder.EclipseLogger - skip non existing resourceDirectory C:\Users\Muryllo\Desktop\MSESExercicio7\MSESExercicio7\src\test\resources
2022-01-30 23:36:07,617 [Worker-24: Building] INFO  o.e.m.w.i.f.ResourceFilteringBuildParticipant - Changed resources require a complete clean of filtered resources of MSESExercicio7
2022-01-30 23:36:07,617 [Worker-24: Building] INFO  o.e.m.w.i.f.ResourceFilteringBuildParticipant - Executing resource filtering for MSESExercicio7
2022-01-30 23:36:07,620 [Worker-24: Building] WARN  o.e.m.c.i.embedder.EclipseLogger - Using platform encoding (Cp1252 actually) to copy filtered resources, i.e. build is platform dependent!
2022-01-30 23:36:55,671 [Worker-19: Building] INFO  o.e.m.c.i.l.LifecycleMappingFactory - Using org.maven.ide.eclipse.wtp.WarLifecycleMapping lifecycle mapping for MavenProject: MSESExercicio7:MSESExercicio7:0.0.1-SNAPSHOT @ C:\Users\Muryllo\Desktop\MSESExercicio7\MSESExercicio7\pom.xml.
2022-01-30 23:36:56,111 [Worker-19: Building] WARN  o.e.m.c.i.embedder.EclipseLogger - Using platform encoding (Cp1252 actually) to copy filtered resources, i.e. build is platform dependent!
2022-01-30 23:36:56,113 [Worker-19: Building] INFO  o.e.m.c.i.embedder.EclipseLogger - skip non existing resourceDirectory C:\Users\Muryllo\Desktop\MSESExercicio7\MSESExercicio7\src\main\resources
2022-01-30 23:36:56,114 [Worker-19: Building] WARN  o.e.m.c.i.embedder.EclipseLogger - Using platform encoding (Cp1252 actually) to copy filtered resources, i.e. build is platform dependent!
2022-01-30 23:36:56,115 [Worker-19: Building] INFO  o.e.m.c.i.embedder.EclipseLogger - skip non existing resourceDirectory C:\Users\Muryllo\Desktop\MSESExercicio7\MSESExercicio7\src\test\resources
2022-01-30 23:36:56,116 [Worker-19: Building] INFO  o.e.m.w.i.f.ResourceFilteringBuildParticipant - Changed resources require a complete clean of filtered resources of MSESExercicio7
2022-01-30 23:36:56,116 [Worker-19: Building] INFO  o.e.m.w.i.f.ResourceFilteringBuildParticipant - Executing resource filtering for MSESExercicio7
2022-01-30 23:36:56,119 [Worker-19: Building] WARN  o.e.m.c.i.embedder.EclipseLogger - Using platform encoding (Cp1252 actually) to copy filtered resources, i.e. build is platform dependent!
2022-01-30 23:38:10,242 [Worker-16: Building] WARN  o.e.m.c.i.embedder.EclipseLogger - Using platform encoding (Cp1252 actually) to copy filtered resources, i.e. build is platform dependent!
2022-01-30 23:38:10,243 [Worker-16: Building] INFO  o.e.m.c.i.embedder.EclipseLogger - skip non existing resourceDirectory C:\Users\Muryllo\Desktop\MSESExercicio7\MSESExercicio7\src\main\resources
2022-01-30 23:38:10,245 [Worker-16: Building] WARN  o.e.m.c.i.embedder.EclipseLogger - Using platform encoding (Cp1252 actually) to copy filtered resources, i.e. build is platform dependent!
2022-01-30 23:38:10,246 [Worker-16: Building] INFO  o.e.m.c.i.embedder.EclipseLogger - skip non existing resourceDirectory C:\Users\Muryllo\Desktop\MSESExercicio7\MSESExercicio7\src\test\resources
2022-01-30 23:38:30,485 [Worker-23: Building] WARN  o.e.m.c.i.embedder.EclipseLogger - Using platform encoding (Cp1252 actually) to copy filtered resources, i.e. build is platform dependent!
2022-01-30 23:38:30,486 [Worker-23: Building] INFO  o.e.m.c.i.embedder.EclipseLogger - skip non existing resourceDirectory C:\Users\Muryllo\Desktop\MSESExercicio7\MSESExercicio7\src\main\resources
2022-01-30 23:38:30,487 [Worker-23: Building] WARN  o.e.m.c.i.embedder.EclipseLogger - Using platform encoding (Cp1252 actually) to copy filtered resources, i.e. build is platform dependent!
2022-01-30 23:38:30,488 [Worker-23: Building] INFO  o.e.m.c.i.embedder.EclipseLogger - skip non existing resourceDirectory C:\Users\Muryllo\Desktop\MSESExercicio7\MSESExercicio7\src\test\resources
2022-01-30 23:38:33,984 [Worker-0: Building] WARN  o.e.m.c.i.embedder.EclipseLogger - Using platform encoding (Cp1252 actually) to copy filtered resources, i.e. build is platform dependent!
2022-01-30 23:38:33,986 [Worker-0: Building] INFO  o.e.m.c.i.embedder.EclipseLogger - skip non existing resourceDirectory C:\Users\Muryllo\Desktop\MSESExercicio7\MSESExercicio7\src\main\resources
2022-01-30 23:38:33,987 [Worker-0: Building] WARN  o.e.m.c.i.embedder.EclipseLogger - Using platform encoding (Cp1252 actually) to copy filtered resources, i.e. build is platform dependent!
2022-01-30 23:38:33,988 [Worker-0: Building] INFO  o.e.m.c.i.embedder.EclipseLogger - skip non existing resourceDirectory C:\Users\Muryllo\Desktop\MSESExercicio7\MSESExercicio7\src\test\resources
2022-01-30 23:43:42,378 [Worker-26: Building] WARN  o.e.m.c.i.embedder.EclipseLogger - Using platform encoding (Cp1252 actually) to copy filtered resources, i.e. build is platform dependent!
2022-01-30 23:43:42,379 [Worker-26: Building] INFO  o.e.m.c.i.embedder.EclipseLogger - skip non existing resourceDirectory C:\Users\Muryllo\Desktop\MSESExercicio7\MSESExercicio7\src\main\resources
2022-01-30 23:43:42,381 [Worker-26: Building] WARN  o.e.m.c.i.embedder.EclipseLogger - Using platform encoding (Cp1252 actually) to copy filtered resources, i.e. build is platform dependent!
2022-01-30 23:43:42,382 [Worker-26: Building] INFO  o.e.m.c.i.embedder.EclipseLogger - skip non existing resourceDirectory C:\Users\Muryllo\Desktop\MSESExercicio7\MSESExercicio7\src\test\resources
2022-01-30 23:46:55,492 [Worker-30: Building] WARN  o.e.m.c.i.embedder.EclipseLogger - Using platform encoding (Cp1252 actually) to copy filtered resources, i.e. build is platform dependent!
2022-01-30 23:46:55,493 [Worker-30: Building] INFO  o.e.m.c.i.embedder.EclipseLogger - skip non existing resourceDirectory C:\Users\Muryllo\Desktop\MSESExercicio7\MSESExercicio7\src\main\resources
2022-01-30 23:46:55,495 [Worker-30: Building] WARN  o.e.m.c.i.embedder.EclipseLogger - Using platform encoding (Cp1252 actually) to copy filtered resources, i.e. build is platform dependent!
2022-01-30 23:46:55,496 [Worker-30: Building] INFO  o.e.m.c.i.embedder.EclipseLogger - skip non existing resourceDirectory C:\Users\Muryllo\Desktop\MSESExercicio7\MSESExercicio7\src\test\resources
2022-01-30 23:48:21,791 [Worker-30: Building] WARN  o.e.m.c.i.embedder.EclipseLogger - Using platform encoding (Cp1252 actually) to copy filtered resources, i.e. build is platform dependent!
2022-01-30 23:48:21,792 [Worker-30: Building] INFO  o.e.m.c.i.embedder.EclipseLogger - skip non existing resourceDirectory C:\Users\Muryllo\Desktop\MSESExercicio7\MSESExercicio7\src\main\resources
2022-01-30 23:48:21,793 [Worker-30: Building] WARN  o.e.m.c.i.embedder.EclipseLogger - Using platform encoding (Cp1252 actually) to copy filtered resources, i.e. build is platform dependent!
2022-01-30 23:48:21,793 [Worker-30: Building] INFO  o.e.m.c.i.embedder.EclipseLogger - skip non existing resourceDirectory C:\Users\Muryllo\Desktop\MSESExercicio7\MSESExercicio7\src\test\resources
2022-01-30 23:48:58,598 [Worker-28: Building] WARN  o.e.m.c.i.embedder.EclipseLogger - Using platform encoding (Cp1252 actually) to copy filtered resources, i.e. build is platform dependent!
2022-01-30 23:48:58,599 [Worker-28: Building] INFO  o.e.m.c.i.embedder.EclipseLogger - skip non existing resourceDirectory C:\Users\Muryllo\Desktop\MSESExercicio7\MSESExercicio7\src\main\resources
2022-01-30 23:48:58,600 [Worker-28: Building] WARN  o.e.m.c.i.embedder.EclipseLogger - Using platform encoding (Cp1252 actually) to copy filtered resources, i.e. build is platform dependent!
2022-01-30 23:48:58,601 [Worker-28: Building] INFO  o.e.m.c.i.embedder.EclipseLogger - skip non existing resourceDirectory C:\Users\Muryllo\Desktop\MSESExercicio7\MSESExercicio7\src\test\resources
2022-01-30 23:49:15,952 [Worker-32: Building] WARN  o.e.m.c.i.embedder.EclipseLogger - Using platform encoding (Cp1252 actually) to copy filtered resources, i.e. build is platform dependent!
2022-01-30 23:49:15,953 [Worker-32: Building] INFO  o.e.m.c.i.embedder.EclipseLogger - skip non existing resourceDirectory C:\Users\Muryllo\Desktop\MSESExercicio7\MSESExercicio7\src\main\resources
2022-01-30 23:49:15,954 [Worker-32: Building] WARN  o.e.m.c.i.embedder.EclipseLogger - Using platform encoding (Cp1252 actually) to copy filtered resources, i.e. build is platform dependent!
2022-01-30 23:49:15,955 [Worker-32: Building] INFO  o.e.m.c.i.embedder.EclipseLogger - skip non existing resourceDirectory C:\Users\Muryllo\Desktop\MSESExercicio7\MSESExercicio7\src\test\resources
2022-01-30 23:52:40,934 [Worker-31: Building] WARN  o.e.m.c.i.embedder.EclipseLogger - Using platform encoding (Cp1252 actually) to copy filtered resources, i.e. build is platform dependent!
2022-01-30 23:52:40,936 [Worker-31: Building] INFO  o.e.m.c.i.embedder.EclipseLogger - skip non existing resourceDirectory C:\Users\Muryllo\Desktop\MSESExercicio7\MSESExercicio7\src\main\resources
2022-01-30 23:52:40,937 [Worker-31: Building] WARN  o.e.m.c.i.embedder.EclipseLogger - Using platform encoding (Cp1252 actually) to copy filtered resources, i.e. build is platform dependent!
2022-01-30 23:52:40,938 [Worker-31: Building] INFO  o.e.m.c.i.embedder.EclipseLogger - skip non existing resourceDirectory C:\Users\Muryllo\Desktop\MSESExercicio7\MSESExercicio7\src\test\resources
2022-01-30 23:53:34,474 [Worker-34: Building] WARN  o.e.m.c.i.embedder.EclipseLogger - Using platform encoding (Cp1252 actually) to copy filtered resources, i.e. build is platform dependent!
2022-01-30 23:53:34,476 [Worker-34: Building] INFO  o.e.m.c.i.embedder.EclipseLogger - skip non existing resourceDirectory C:\Users\Muryllo\Desktop\MSESExercicio7\MSESExercicio7\src\main\resources
2022-01-30 23:53:34,477 [Worker-34: Building] WARN  o.e.m.c.i.embedder.EclipseLogger - Using platform encoding (Cp1252 actually) to copy filtered resources, i.e. build is platform dependent!
2022-01-30 23:53:34,478 [Worker-34: Building] INFO  o.e.m.c.i.embedder.EclipseLogger - skip non existing resourceDirectory C:\Users\Muryllo\Desktop\MSESExercicio7\MSESExercicio7\src\test\resources
2022-01-30 23:53:51,840 [Worker-33: Building] WARN  o.e.m.c.i.embedder.EclipseLogger - Using platform encoding (Cp1252 actually) to copy filtered resources, i.e. build is platform dependent!
2022-01-30 23:53:51,841 [Worker-33: Building] INFO  o.e.m.c.i.embedder.EclipseLogger - skip non existing resourceDirectory C:\Users\Muryllo\Desktop\MSESExercicio7\MSESExercicio7\src\main\resources
2022-01-30 23:53:51,843 [Worker-33: Building] WARN  o.e.m.c.i.embedder.EclipseLogger - Using platform encoding (Cp1252 actually) to copy filtered resources, i.e. build is platform dependent!
2022-01-30 23:53:51,844 [Worker-33: Building] INFO  o.e.m.c.i.embedder.EclipseLogger - skip non existing resourceDirectory C:\Users\Muryllo\Desktop\MSESExercicio7\MSESExercicio7\src\test\resources
2022-01-30 23:54:02,129 [Worker-31: Building] WARN  o.e.m.c.i.embedder.EclipseLogger - Using platform encoding (Cp1252 actually) to copy filtered resources, i.e. build is platform dependent!
2022-01-30 23:54:02,130 [Worker-31: Building] INFO  o.e.m.c.i.embedder.EclipseLogger - skip non existing resourceDirectory C:\Users\Muryllo\Desktop\MSESExercicio7\MSESExercicio7\src\main\resources
2022-01-30 23:54:02,133 [Worker-31: Building] WARN  o.e.m.c.i.embedder.EclipseLogger - Using platform encoding (Cp1252 actually) to copy filtered resources, i.e. build is platform dependent!
2022-01-30 23:54:02,134 [Worker-31: Building] INFO  o.e.m.c.i.embedder.EclipseLogger - skip non existing resourceDirectory C:\Users\Muryllo\Desktop\MSESExercicio7\MSESExercicio7\src\test\resources
2022-01-30 23:54:19,390 [Worker-37: Building] WARN  o.e.m.c.i.embedder.EclipseLogger - Using platform encoding (Cp1252 actually) to copy filtered resources, i.e. build is platform dependent!
2022-01-30 23:54:19,391 [Worker-37: Building] INFO  o.e.m.c.i.embedder.EclipseLogger - skip non existing resourceDirectory C:\Users\Muryllo\Desktop\MSESExercicio7\MSESExercicio7\src\main\resources
2022-01-30 23:54:19,392 [Worker-37: Building] WARN  o.e.m.c.i.embedder.EclipseLogger - Using platform encoding (Cp1252 actually) to copy filtered resources, i.e. build is platform dependent!
2022-01-30 23:54:19,393 [Worker-37: Building] INFO  o.e.m.c.i.embedder.EclipseLogger - skip non existing resourceDirectory C:\Users\Muryllo\Desktop\MSESExercicio7\MSESExercicio7\src\test\resources
2022-01-30 23:54:21,000 [Worker-36: Building] WARN  o.e.m.c.i.embedder.EclipseLogger - Using platform encoding (Cp1252 actually) to copy filtered resources, i.e. build is platform dependent!
2022-01-30 23:54:21,000 [Worker-36: Building] INFO  o.e.m.c.i.embedder.EclipseLogger - skip non existing resourceDirectory C:\Users\Muryllo\Desktop\MSESExercicio7\MSESExercicio7\src\main\resources
2022-01-30 23:54:21,001 [Worker-36: Building] WARN  o.e.m.c.i.embedder.EclipseLogger - Using platform encoding (Cp1252 actually) to copy filtered resources, i.e. build is platform dependent!
2022-01-30 23:54:21,002 [Worker-36: Building] INFO  o.e.m.c.i.embedder.EclipseLogger - skip non existing resourceDirectory C:\Users\Muryllo\Desktop\MSESExercicio7\MSESExercicio7\src\test\resources
2022-01-30 23:56:04,438 [Worker-34: Building] WARN  o.e.m.c.i.embedder.EclipseLogger - Using platform encoding (Cp1252 actually) to copy filtered resources, i.e. build is platform dependent!
2022-01-30 23:56:04,439 [Worker-34: Building] INFO  o.e.m.c.i.embedder.EclipseLogger - skip non existing resourceDirectory C:\Users\Muryllo\Desktop\MSESExercicio7\MSESExercicio7\src\main\resources
2022-01-30 23:56:04,441 [Worker-34: Building] WARN  o.e.m.c.i.embedder.EclipseLogger - Using platform encoding (Cp1252 actually) to copy filtered resources, i.e. build is platform dependent!
2022-01-30 23:56:04,442 [Worker-34: Building] INFO  o.e.m.c.i.embedder.EclipseLogger - skip non existing resourceDirectory C:\Users\Muryllo\Desktop\MSESExercicio7\MSESExercicio7\src\test\resources
2022-01-30 23:56:24,809 [Worker-39: Building] WARN  o.e.m.c.i.embedder.EclipseLogger - Using platform encoding (Cp1252 actually) to copy filtered resources, i.e. build is platform dependent!
2022-01-30 23:56:24,810 [Worker-39: Building] INFO  o.e.m.c.i.embedder.EclipseLogger - skip non existing resourceDirectory C:\Users\Muryllo\Desktop\MSESExercicio7\MSESExercicio7\src\main\resources
2022-01-30 23:56:24,811 [Worker-39: Building] WARN  o.e.m.c.i.embedder.EclipseLogger - Using platform encoding (Cp1252 actually) to copy filtered resources, i.e. build is platform dependent!
2022-01-30 23:56:24,811 [Worker-39: Building] INFO  o.e.m.c.i.embedder.EclipseLogger - skip non existing resourceDirectory C:\Users\Muryllo\Desktop\MSESExercicio7\MSESExercicio7\src\test\resources
2022-01-30 23:56:53,468 [Worker-34: Building] WARN  o.e.m.c.i.embedder.EclipseLogger - Using platform encoding (Cp1252 actually) to copy filtered resources, i.e. build is platform dependent!
2022-01-30 23:56:53,469 [Worker-34: Building] INFO  o.e.m.c.i.embedder.EclipseLogger - skip non existing resourceDirectory C:\Users\Muryllo\Desktop\MSESExercicio7\MSESExercicio7\src\main\resources
2022-01-30 23:56:53,471 [Worker-34: Building] WARN  o.e.m.c.i.embedder.EclipseLogger - Using platform encoding (Cp1252 actually) to copy filtered resources, i.e. build is platform dependent!
2022-01-30 23:56:53,472 [Worker-34: Building] INFO  o.e.m.c.i.embedder.EclipseLogger - skip non existing resourceDirectory C:\Users\Muryllo\Desktop\MSESExercicio7\MSESExercicio7\src\test\resources
2022-01-30 23:58:35,933 [Worker-33: Building] WARN  o.e.m.c.i.embedder.EclipseLogger - Using platform encoding (Cp1252 actually) to copy filtered resources, i.e. build is platform dependent!
2022-01-30 23:58:35,934 [Worker-33: Building] INFO  o.e.m.c.i.embedder.EclipseLogger - skip non existing resourceDirectory C:\Users\Muryllo\Desktop\MSESExercicio7\MSESExercicio7\src\main\resources
2022-01-30 23:58:35,934 [Worker-33: Building] WARN  o.e.m.c.i.embedder.EclipseLogger - Using platform encoding (Cp1252 actually) to copy filtered resources, i.e. build is platform dependent!
2022-01-30 23:58:35,935 [Worker-33: Building] INFO  o.e.m.c.i.embedder.EclipseLogger - skip non existing resourceDirectory C:\Users\Muryllo\Desktop\MSESExercicio7\MSESExercicio7\src\test\resources
2022-01-30 23:59:41,174 [Worker-38: Building] WARN  o.e.m.c.i.embedder.EclipseLogger - Using platform encoding (Cp1252 actually) to copy filtered resources, i.e. build is platform dependent!
2022-01-30 23:59:41,175 [Worker-38: Building] INFO  o.e.m.c.i.embedder.EclipseLogger - skip non existing resourceDirectory C:\Users\Muryllo\Desktop\MSESExercicio7\MSESExercicio7\src\main\resources
2022-01-30 23:59:41,175 [Worker-38: Building] WARN  o.e.m.c.i.embedder.EclipseLogger - Using platform encoding (Cp1252 actually) to copy filtered resources, i.e. build is platform dependent!
2022-01-30 23:59:41,176 [Worker-38: Building] INFO  o.e.m.c.i.embedder.EclipseLogger - skip non existing resourceDirectory C:\Users\Muryllo\Desktop\MSESExercicio7\MSESExercicio7\src\test\resources
2022-01-31 00:00:43,588 [Worker-35: Building] WARN  o.e.m.c.i.embedder.EclipseLogger - Using platform encoding (Cp1252 actually) to copy filtered resources, i.e. build is platform dependent!
2022-01-31 00:00:43,589 [Worker-35: Building] INFO  o.e.m.c.i.embedder.EclipseLogger - skip non existing resourceDirectory C:\Users\Muryllo\Desktop\MSESExercicio7\MSESExercicio7\src\main\resources
2022-01-31 00:00:43,591 [Worker-35: Building] WARN  o.e.m.c.i.embedder.EclipseLogger - Using platform encoding (Cp1252 actually) to copy filtered resources, i.e. build is platform dependent!
2022-01-31 00:00:43,592 [Worker-35: Building] INFO  o.e.m.c.i.embedder.EclipseLogger - skip non existing resourceDirectory C:\Users\Muryllo\Desktop\MSESExercicio7\MSESExercicio7\src\test\resources
2022-01-31 00:02:16,962 [Worker-35: Building] WARN  o.e.m.c.i.embedder.EclipseLogger - Using platform encoding (Cp1252 actually) to copy filtered resources, i.e. build is platform dependent!
2022-01-31 00:02:16,964 [Worker-35: Building] INFO  o.e.m.c.i.embedder.EclipseLogger - skip non existing resourceDirectory C:\Users\Muryllo\Desktop\MSESExercicio7\MSESExercicio7\src\main\resources
2022-01-31 00:02:16,965 [Worker-35: Building] WARN  o.e.m.c.i.embedder.EclipseLogger - Using platform encoding (Cp1252 actually) to copy filtered resources, i.e. build is platform dependent!
2022-01-31 00:02:16,968 [Worker-35: Building] INFO  o.e.m.c.i.embedder.EclipseLogger - skip non existing resourceDirectory C:\Users\Muryllo\Desktop\MSESExercicio7\MSESExercicio7\src\test\resources
2022-01-31 00:05:35,711 [Worker-44: Building] WARN  o.e.m.c.i.embedder.EclipseLogger - Using platform encoding (Cp1252 actually) to copy filtered resources, i.e. build is platform dependent!
2022-01-31 00:05:35,712 [Worker-44: Building] INFO  o.e.m.c.i.embedder.EclipseLogger - skip non existing resourceDirectory C:\Users\Muryllo\Desktop\MSESExercicio7\MSESExercicio7\src\main\resources
2022-01-31 00:05:35,713 [Worker-44: Building] WARN  o.e.m.c.i.embedder.EclipseLogger - Using platform encoding (Cp1252 actually) to copy filtered resources, i.e. build is platform dependent!
2022-01-31 00:05:35,714 [Worker-44: Building] INFO  o.e.m.c.i.embedder.EclipseLogger - skip non existing resourceDirectory C:\Users\Muryllo\Desktop\MSESExercicio7\MSESExercicio7\src\test\resources
2022-01-31 00:05:51,845 [Worker-39: Building] WARN  o.e.m.c.i.embedder.EclipseLogger - Using platform encoding (Cp1252 actually) to copy filtered resources, i.e. build is platform dependent!
2022-01-31 00:05:51,847 [Worker-39: Building] INFO  o.e.m.c.i.embedder.EclipseLogger - skip non existing resourceDirectory C:\Users\Muryllo\Desktop\MSESExercicio7\MSESExercicio7\src\main\resources
2022-01-31 00:05:51,848 [Worker-39: Building] WARN  o.e.m.c.i.embedder.EclipseLogger - Using platform encoding (Cp1252 actually) to copy filtered resources, i.e. build is platform dependent!
2022-01-31 00:05:51,849 [Worker-39: Building] INFO  o.e.m.c.i.embedder.EclipseLogger - skip non existing resourceDirectory C:\Users\Muryllo\Desktop\MSESExercicio7\MSESExercicio7\src\test\resources
2022-01-31 00:07:10,211 [Worker-35: Building] WARN  o.e.m.c.i.embedder.EclipseLogger - Using platform encoding (Cp1252 actually) to copy filtered resources, i.e. build is platform dependent!
2022-01-31 00:07:10,212 [Worker-35: Building] INFO  o.e.m.c.i.embedder.EclipseLogger - skip non existing resourceDirectory C:\Users\Muryllo\Desktop\MSESExercicio7\MSESExercicio7\src\main\resources
2022-01-31 00:07:10,214 [Worker-35: Building] WARN  o.e.m.c.i.embedder.EclipseLogger - Using platform encoding (Cp1252 actually) to copy filtered resources, i.e. build is platform dependent!
2022-01-31 00:07:10,215 [Worker-35: Building] INFO  o.e.m.c.i.embedder.EclipseLogger - skip non existing resourceDirectory C:\Users\Muryllo\Desktop\MSESExercicio7\MSESExercicio7\src\test\resources
2022-01-31 00:09:41,636 [Worker-45: Building] WARN  o.e.m.c.i.embedder.EclipseLogger - Using platform encoding (Cp1252 actually) to copy filtered resources, i.e. build is platform dependent!
2022-01-31 00:09:41,637 [Worker-45: Building] INFO  o.e.m.c.i.embedder.EclipseLogger - skip non existing resourceDirectory C:\Users\Muryllo\Desktop\MSESExercicio7\MSESExercicio7\src\main\resources
2022-01-31 00:09:41,638 [Worker-45: Building] WARN  o.e.m.c.i.embedder.EclipseLogger - Using platform encoding (Cp1252 actually) to copy filtered resources, i.e. build is platform dependent!
2022-01-31 00:09:41,638 [Worker-45: Building] INFO  o.e.m.c.i.embedder.EclipseLogger - skip non existing resourceDirectory C:\Users\Muryllo\Desktop\MSESExercicio7\MSESExercicio7\src\test\resources
2022-01-31 00:10:21,329 [Worker-44: Building] WARN  o.e.m.c.i.embedder.EclipseLogger - Using platform encoding (Cp1252 actually) to copy filtered resources, i.e. build is platform dependent!
2022-01-31 00:10:21,330 [Worker-44: Building] INFO  o.e.m.c.i.embedder.EclipseLogger - skip non existing resourceDirectory C:\Users\Muryllo\Desktop\MSESExercicio7\MSESExercicio7\src\main\resources
2022-01-31 00:10:21,331 [Worker-44: Building] WARN  o.e.m.c.i.embedder.EclipseLogger - Using platform encoding (Cp1252 actually) to copy filtered resources, i.e. build is platform dependent!
2022-01-31 00:10:21,332 [Worker-44: Building] INFO  o.e.m.c.i.embedder.EclipseLogger - skip non existing resourceDirectory C:\Users\Muryllo\Desktop\MSESExercicio7\MSESExercicio7\src\test\resources
2022-01-31 00:11:22,896 [Worker-35: Building] WARN  o.e.m.c.i.embedder.EclipseLogger - Using platform encoding (Cp1252 actually) to copy filtered resources, i.e. build is platform dependent!
2022-01-31 00:11:22,897 [Worker-35: Building] INFO  o.e.m.c.i.embedder.EclipseLogger - skip non existing resourceDirectory C:\Users\Muryllo\Desktop\MSESExercicio7\MSESExercicio7\src\main\resources
2022-01-31 00:11:22,898 [Worker-35: Building] WARN  o.e.m.c.i.embedder.EclipseLogger - Using platform encoding (Cp1252 actually) to copy filtered resources, i.e. build is platform dependent!
2022-01-31 00:11:22,899 [Worker-35: Building] INFO  o.e.m.c.i.embedder.EclipseLogger - skip non existing resourceDirectory C:\Users\Muryllo\Desktop\MSESExercicio7\MSESExercicio7\src\test\resources
2022-01-31 00:12:04,038 [Worker-35: Building] WARN  o.e.m.c.i.embedder.EclipseLogger - Using platform encoding (Cp1252 actually) to copy filtered resources, i.e. build is platform dependent!
2022-01-31 00:12:04,039 [Worker-35: Building] INFO  o.e.m.c.i.embedder.EclipseLogger - skip non existing resourceDirectory C:\Users\Muryllo\Desktop\MSESExercicio7\MSESExercicio7\src\main\resources
2022-01-31 00:12:04,040 [Worker-35: Building] WARN  o.e.m.c.i.embedder.EclipseLogger - Using platform encoding (Cp1252 actually) to copy filtered resources, i.e. build is platform dependent!
2022-01-31 00:12:04,041 [Worker-35: Building] INFO  o.e.m.c.i.embedder.EclipseLogger - skip non existing resourceDirectory C:\Users\Muryllo\Desktop\MSESExercicio7\MSESExercicio7\src\test\resources
2022-01-31 00:12:38,794 [Worker-35: Building] WARN  o.e.m.c.i.embedder.EclipseLogger - Using platform encoding (Cp1252 actually) to copy filtered resources, i.e. build is platform dependent!
2022-01-31 00:12:38,795 [Worker-35: Building] INFO  o.e.m.c.i.embedder.EclipseLogger - skip non existing resourceDirectory C:\Users\Muryllo\Desktop\MSESExercicio7\MSESExercicio7\src\main\resources
2022-01-31 00:12:38,796 [Worker-35: Building] WARN  o.e.m.c.i.embedder.EclipseLogger - Using platform encoding (Cp1252 actually) to copy filtered resources, i.e. build is platform dependent!
2022-01-31 00:12:38,797 [Worker-35: Building] INFO  o.e.m.c.i.embedder.EclipseLogger - skip non existing resourceDirectory C:\Users\Muryllo\Desktop\MSESExercicio7\MSESExercicio7\src\test\resources
2022-01-31 00:12:48,295 [Worker-48: Building] WARN  o.e.m.c.i.embedder.EclipseLogger - Using platform encoding (Cp1252 actually) to copy filtered resources, i.e. build is platform dependent!
2022-01-31 00:12:48,296 [Worker-48: Building] INFO  o.e.m.c.i.embedder.EclipseLogger - skip non existing resourceDirectory C:\Users\Muryllo\Desktop\MSESExercicio7\MSESExercicio7\src\main\resources
2022-01-31 00:12:48,297 [Worker-48: Building] WARN  o.e.m.c.i.embedder.EclipseLogger - Using platform encoding (Cp1252 actually) to copy filtered resources, i.e. build is platform dependent!
2022-01-31 00:12:48,298 [Worker-48: Building] INFO  o.e.m.c.i.embedder.EclipseLogger - skip non existing resourceDirectory C:\Users\Muryllo\Desktop\MSESExercicio7\MSESExercicio7\src\test\resources
2022-01-31 00:13:06,698 [Worker-44: Building] WARN  o.e.m.c.i.embedder.EclipseLogger - Using platform encoding (Cp1252 actually) to copy filtered resources, i.e. build is platform dependent!
2022-01-31 00:13:06,699 [Worker-44: Building] INFO  o.e.m.c.i.embedder.EclipseLogger - skip non existing resourceDirectory C:\Users\Muryllo\Desktop\MSESExercicio7\MSESExercicio7\src\main\resources
2022-01-31 00:13:06,700 [Worker-44: Building] WARN  o.e.m.c.i.embedder.EclipseLogger - Using platform encoding (Cp1252 actually) to copy filtered resources, i.e. build is platform dependent!
2022-01-31 00:13:06,700 [Worker-44: Building] INFO  o.e.m.c.i.embedder.EclipseLogger - skip non existing resourceDirectory C:\Users\Muryllo\Desktop\MSESExercicio7\MSESExercicio7\src\test\resources
2022-01-31 00:14:54,800 [Worker-48: Building] WARN  o.e.m.c.i.embedder.EclipseLogger - Using platform encoding (Cp1252 actually) to copy filtered resources, i.e. build is platform dependent!
2022-01-31 00:14:54,801 [Worker-48: Building] INFO  o.e.m.c.i.embedder.EclipseLogger - skip non existing resourceDirectory C:\Users\Muryllo\Desktop\MSESExercicio7\MSESExercicio7\src\main\resources
2022-01-31 00:14:54,802 [Worker-48: Building] WARN  o.e.m.c.i.embedder.EclipseLogger - Using platform encoding (Cp1252 actually) to copy filtered resources, i.e. build is platform dependent!
2022-01-31 00:14:54,802 [Worker-48: Building] INFO  o.e.m.c.i.embedder.EclipseLogger - skip non existing resourceDirectory C:\Users\Muryllo\Desktop\MSESExercicio7\MSESExercicio7\src\test\resources
2022-01-31 00:15:12,771 [Worker-19: Building] WARN  o.e.m.c.i.embedder.EclipseLogger - Using platform encoding (Cp1252 actually) to copy filtered resources, i.e. build is platform dependent!
2022-01-31 00:15:12,772 [Worker-19: Building] INFO  o.e.m.c.i.embedder.EclipseLogger - skip non existing resourceDirectory C:\Users\Muryllo\Desktop\MSESExercicio7\MSESExercicio7\src\main\resources
2022-01-31 00:15:12,773 [Worker-19: Building] WARN  o.e.m.c.i.embedder.EclipseLogger - Using platform encoding (Cp1252 actually) to copy filtered resources, i.e. build is platform dependent!
2022-01-31 00:15:12,774 [Worker-19: Building] INFO  o.e.m.c.i.embedder.EclipseLogger - skip non existing resourceDirectory C:\Users\Muryllo\Desktop\MSESExercicio7\MSESExercicio7\src\test\resources
2022-01-31 00:15:23,319 [Worker-50: Building] WARN  o.e.m.c.i.embedder.EclipseLogger - Using platform encoding (Cp1252 actually) to copy filtered resources, i.e. build is platform dependent!
2022-01-31 00:15:23,320 [Worker-50: Building] INFO  o.e.m.c.i.embedder.EclipseLogger - skip non existing resourceDirectory C:\Users\Muryllo\Desktop\MSESExercicio7\MSESExercicio7\src\main\resources
2022-01-31 00:15:23,321 [Worker-50: Building] WARN  o.e.m.c.i.embedder.EclipseLogger - Using platform encoding (Cp1252 actually) to copy filtered resources, i.e. build is platform dependent!
2022-01-31 00:15:23,322 [Worker-50: Building] INFO  o.e.m.c.i.embedder.EclipseLogger - skip non existing resourceDirectory C:\Users\Muryllo\Desktop\MSESExercicio7\MSESExercicio7\src\test\resources
2022-01-31 00:16:23,937 [Worker-44: Building] WARN  o.e.m.c.i.embedder.EclipseLogger - Using platform encoding (Cp1252 actually) to copy filtered resources, i.e. build is platform dependent!
2022-01-31 00:16:23,938 [Worker-44: Building] INFO  o.e.m.c.i.embedder.EclipseLogger - skip non existing resourceDirectory C:\Users\Muryllo\Desktop\MSESExercicio7\MSESExercicio7\src\main\resources
2022-01-31 00:16:23,939 [Worker-44: Building] WARN  o.e.m.c.i.embedder.EclipseLogger - Using platform encoding (Cp1252 actually) to copy filtered resources, i.e. build is platform dependent!
2022-01-31 00:16:23,940 [Worker-44: Building] INFO  o.e.m.c.i.embedder.EclipseLogger - skip non existing resourceDirectory C:\Users\Muryllo\Desktop\MSESExercicio7\MSESExercicio7\src\test\resources
2022-01-31 00:19:47,379 [Worker-47: Building] WARN  o.e.m.c.i.embedder.EclipseLogger - Using platform encoding (Cp1252 actually) to copy filtered resources, i.e. build is platform dependent!
2022-01-31 00:19:47,380 [Worker-47: Building] INFO  o.e.m.c.i.embedder.EclipseLogger - skip non existing resourceDirectory C:\Users\Muryllo\Desktop\MSESExercicio7\MSESExercicio7\src\main\resources
2022-01-31 00:19:47,381 [Worker-47: Building] WARN  o.e.m.c.i.embedder.EclipseLogger - Using platform encoding (Cp1252 actually) to copy filtered resources, i.e. build is platform dependent!
2022-01-31 00:19:47,382 [Worker-47: Building] INFO  o.e.m.c.i.embedder.EclipseLogger - skip non existing resourceDirectory C:\Users\Muryllo\Desktop\MSESExercicio7\MSESExercicio7\src\test\resources
2022-01-31 00:24:08,817 [Worker-54: Building] WARN  o.e.m.c.i.embedder.EclipseLogger - Using platform encoding (Cp1252 actually) to copy filtered resources, i.e. build is platform dependent!
2022-01-31 00:24:08,818 [Worker-54: Building] INFO  o.e.m.c.i.embedder.EclipseLogger - skip non existing resourceDirectory C:\Users\Muryllo\Desktop\MSESExercicio7\MSESExercicio7\src\main\resources
2022-01-31 00:24:08,819 [Worker-54: Building] WARN  o.e.m.c.i.embedder.EclipseLogger - Using platform encoding (Cp1252 actually) to copy filtered resources, i.e. build is platform dependent!
2022-01-31 00:24:08,820 [Worker-54: Building] INFO  o.e.m.c.i.embedder.EclipseLogger - skip non existing resourceDirectory C:\Users\Muryllo\Desktop\MSESExercicio7\MSESExercicio7\src\test\resources
2022-01-31 00:25:14,052 [Worker-52: Building] WARN  o.e.m.c.i.embedder.EclipseLogger - Using platform encoding (Cp1252 actually) to copy filtered resources, i.e. build is platform dependent!
2022-01-31 00:25:14,052 [Worker-52: Building] INFO  o.e.m.c.i.embedder.EclipseLogger - skip non existing resourceDirectory C:\Users\Muryllo\Desktop\MSESExercicio7\MSESExercicio7\src\main\resources
2022-01-31 00:25:14,053 [Worker-52: Building] WARN  o.e.m.c.i.embedder.EclipseLogger - Using platform encoding (Cp1252 actually) to copy filtered resources, i.e. build is platform dependent!
2022-01-31 00:25:14,054 [Worker-52: Building] INFO  o.e.m.c.i.embedder.EclipseLogger - skip non existing resourceDirectory C:\Users\Muryllo\Desktop\MSESExercicio7\MSESExercicio7\src\test\resources
2022-01-31 00:25:59,261 [Worker-55: Building] WARN  o.e.m.c.i.embedder.EclipseLogger - Using platform encoding (Cp1252 actually) to copy filtered resources, i.e. build is platform dependent!
2022-01-31 00:25:59,262 [Worker-55: Building] INFO  o.e.m.c.i.embedder.EclipseLogger - skip non existing resourceDirectory C:\Users\Muryllo\Desktop\MSESExercicio7\MSESExercicio7\src\main\resources
2022-01-31 00:25:59,264 [Worker-55: Building] WARN  o.e.m.c.i.embedder.EclipseLogger - Using platform encoding (Cp1252 actually) to copy filtered resources, i.e. build is platform dependent!
2022-01-31 00:25:59,264 [Worker-55: Building] INFO  o.e.m.c.i.embedder.EclipseLogger - skip non existing resourceDirectory C:\Users\Muryllo\Desktop\MSESExercicio7\MSESExercicio7\src\test\resources
2022-01-31 00:27:23,557 [Worker-56: Building] WARN  o.e.m.c.i.embedder.EclipseLogger - Using platform encoding (Cp1252 actually) to copy filtered resources, i.e. build is platform dependent!
2022-01-31 00:27:23,558 [Worker-56: Building] INFO  o.e.m.c.i.embedder.EclipseLogger - skip non existing resourceDirectory C:\Users\Muryllo\Desktop\MSESExercicio7\MSESExercicio7\src\main\resources
2022-01-31 00:27:23,558 [Worker-56: Building] WARN  o.e.m.c.i.embedder.EclipseLogger - Using platform encoding (Cp1252 actually) to copy filtered resources, i.e. build is platform dependent!
2022-01-31 00:27:23,559 [Worker-56: Building] INFO  o.e.m.c.i.embedder.EclipseLogger - skip non existing resourceDirectory C:\Users\Muryllo\Desktop\MSESExercicio7\MSESExercicio7\src\test\resources
2022-01-31 00:29:24,111 [Worker-57: Building] WARN  o.e.m.c.i.embedder.EclipseLogger - Using platform encoding (Cp1252 actually) to copy filtered resources, i.e. build is platform dependent!
2022-01-31 00:29:24,112 [Worker-57: Building] INFO  o.e.m.c.i.embedder.EclipseLogger - skip non existing resourceDirectory C:\Users\Muryllo\Desktop\MSESExercicio7\MSESExercicio7\src\main\resources
2022-01-31 00:29:24,113 [Worker-57: Building] WARN  o.e.m.c.i.embedder.EclipseLogger - Using platform encoding (Cp1252 actually) to copy filtered resources, i.e. build is platform dependent!
2022-01-31 00:29:24,114 [Worker-57: Building] INFO  o.e.m.c.i.embedder.EclipseLogger - skip non existing resourceDirectory C:\Users\Muryllo\Desktop\MSESExercicio7\MSESExercicio7\src\test\resources
2022-02-02 14:48:13,016 [Worker-6: Loading available Gradle versions] INFO  o.e.b.c.i.u.g.PublishedGradleVersions - Gradle version information cache is up-to-date. Trying to read.
2022-02-02 14:48:21,449 [Worker-3: Building] WARN  o.e.m.c.i.embedder.EclipseLogger - Using platform encoding (Cp1252 actually) to copy filtered resources, i.e. build is platform dependent!
2022-02-02 14:48:21,490 [Worker-3: Building] INFO  o.e.m.c.i.embedder.EclipseLogger - skip non existing resourceDirectory C:\Users\Muryllo\Desktop\MSESExercicio7\MSESExercicio7\src\main\resources
2022-02-02 14:48:21,496 [Worker-3: Building] WARN  o.e.m.c.i.embedder.EclipseLogger - Using platform encoding (Cp1252 actually) to copy filtered resources, i.e. build is platform dependent!
2022-02-02 14:48:21,497 [Worker-3: Building] INFO  o.e.m.c.i.embedder.EclipseLogger - skip non existing resourceDirectory C:\Users\Muryllo\Desktop\MSESExercicio7\MSESExercicio7\src\test\resources
2022-02-03 14:53:50,030 [Worker-2: Loading available Gradle versions] INFO  o.e.b.c.i.u.g.PublishedGradleVersions - Gradle version information cache is out-of-date. Trying to update.
2022-02-05 21:06:28,195 [Worker-2: Loading available Gradle versions] INFO  o.e.b.c.i.u.g.PublishedGradleVersions - Gradle version information cache is out-of-date. Trying to update.
2022-02-05 21:08:50,270 [Worker-20: Building] WARN  o.e.m.c.i.embedder.EclipseLogger - Using platform encoding (Cp1252 actually) to copy filtered resources, i.e. build is platform dependent!
2022-02-05 21:08:50,274 [Worker-20: Building] INFO  o.e.m.c.i.embedder.EclipseLogger - skip non existing resourceDirectory C:\Users\Muryllo\Desktop\MSESExercicio7\MSESExercicio7\src\main\resources
2022-02-05 21:08:50,277 [Worker-20: Building] WARN  o.e.m.c.i.embedder.EclipseLogger - Using platform encoding (Cp1252 actually) to copy filtered resources, i.e. build is platform dependent!
2022-02-05 21:08:50,279 [Worker-20: Building] INFO  o.e.m.c.i.embedder.EclipseLogger - skip non existing resourceDirectory C:\Users\Muryllo\Desktop\MSESExercicio7\MSESExercicio7\src\test\resources
2022-02-05 21:12:17,115 [Worker-22: Building] INFO  o.e.m.c.i.l.LifecycleMappingFactory - Using org.maven.ide.eclipse.wtp.WarLifecycleMapping lifecycle mapping for MavenProject: MSESExercicio7:MSESExercicio7:0.0.1-SNAPSHOT @ C:\Users\Muryllo\Desktop\MSESExercicio7\MSESExercicio7\pom.xml.
2022-02-05 21:12:18,064 [Worker-22: Building] WARN  o.e.m.c.i.embedder.EclipseLogger - Using platform encoding (Cp1252 actually) to copy filtered resources, i.e. build is platform dependent!
2022-02-05 21:12:18,066 [Worker-22: Building] INFO  o.e.m.c.i.embedder.EclipseLogger - skip non existing resourceDirectory C:\Users\Muryllo\Desktop\MSESExercicio7\MSESExercicio7\src\main\resources
2022-02-05 21:12:18,070 [Worker-22: Building] WARN  o.e.m.c.i.embedder.EclipseLogger - Using platform encoding (Cp1252 actually) to copy filtered resources, i.e. build is platform dependent!
2022-02-05 21:12:18,071 [Worker-22: Building] INFO  o.e.m.c.i.embedder.EclipseLogger - skip non existing resourceDirectory C:\Users\Muryllo\Desktop\MSESExercicio7\MSESExercicio7\src\test\resources
2022-02-05 21:12:18,072 [Worker-22: Building] INFO  o.e.m.w.i.f.ResourceFilteringBuildParticipant - Changed resources require a complete clean of filtered resources of MSESExercicio7
2022-02-05 21:12:18,072 [Worker-22: Building] INFO  o.e.m.w.i.f.ResourceFilteringBuildParticipant - Executing resource filtering for MSESExercicio7
2022-02-05 21:12:18,077 [Worker-22: Building] WARN  o.e.m.c.i.embedder.EclipseLogger - The POM for org.apache.maven.plugins:maven-clean-plugin:jar:2.5 is missing, no dependency information available
2022-02-05 21:12:18,083 [Worker-22: Building] WARN  o.e.m.c.i.embedder.EclipseLogger - Using platform encoding (Cp1252 actually) to copy filtered resources, i.e. build is platform dependent!
2022-02-05 21:29:52,763 [Worker-4: Loading available Gradle versions] INFO  o.e.b.c.i.u.g.PublishedGradleVersions - Gradle version information cache is up-to-date. Trying to read.
2022-02-05 21:29:57,735 [Worker-5: Building] WARN  o.e.m.c.i.embedder.EclipseLogger - Using platform encoding (Cp1252 actually) to copy filtered resources, i.e. build is platform dependent!
2022-02-05 21:29:57,738 [Worker-5: Building] INFO  o.e.m.c.i.embedder.EclipseLogger - skip non existing resourceDirectory C:\Users\Muryllo\Desktop\MSES_Exercicio_Conexao_Banco_de_Dados\MSESExercicio7\src\main\resources
2022-02-05 21:29:57,742 [Worker-5: Building] WARN  o.e.m.c.i.embedder.EclipseLogger - Using platform encoding (Cp1252 actually) to copy filtered resources, i.e. build is platform dependent!
2022-02-05 21:29:57,744 [Worker-5: Building] INFO  o.e.m.c.i.embedder.EclipseLogger - skip non existing resourceDirectory C:\Users\Muryllo\Desktop\MSES_Exercicio_Conexao_Banco_de_Dados\MSESExercicio7\src\test\resources
2022-02-05 21:30:53,570 [Worker-6: Building] WARN  o.e.m.c.i.embedder.EclipseLogger - Using platform encoding (Cp1252 actually) to copy filtered resources, i.e. build is platform dependent!
2022-02-05 21:30:53,572 [Worker-6: Building] INFO  o.e.m.c.i.embedder.EclipseLogger - skip non existing resourceDirectory C:\Users\Muryllo\Desktop\MSES_Exercicio_Conexao_Banco_de_Dados\MSESExercicio7\src\main\resources
2022-02-05 21:30:53,575 [Worker-6: Building] WARN  o.e.m.c.i.embedder.EclipseLogger - Using platform encoding (Cp1252 actually) to copy filtered resources, i.e. build is platform dependent!
2022-02-05 21:30:53,577 [Worker-6: Building] INFO  o.e.m.c.i.embedder.EclipseLogger - skip non existing resourceDirectory C:\Users\Muryllo\Desktop\MSES_Exercicio_Conexao_Banco_de_Dados\MSESExercicio7\src\test\resources
2022-02-05 21:30:59,928 [Worker-13: Building] WARN  o.e.m.c.i.embedder.EclipseLogger - Using platform encoding (Cp1252 actually) to copy filtered resources, i.e. build is platform dependent!
2022-02-05 21:30:59,930 [Worker-13: Building] INFO  o.e.m.c.i.embedder.EclipseLogger - skip non existing resourceDirectory C:\Users\Muryllo\Desktop\MSES_Exercicio_Conexao_Banco_de_Dados\MSESExercicio7\src\main\resources
2022-02-05 21:30:59,932 [Worker-13: Building] WARN  o.e.m.c.i.embedder.EclipseLogger - Using platform encoding (Cp1252 actually) to copy filtered resources, i.e. build is platform dependent!
2022-02-05 21:30:59,933 [Worker-13: Building] INFO  o.e.m.c.i.embedder.EclipseLogger - skip non existing resourceDirectory C:\Users\Muryllo\Desktop\MSES_Exercicio_Conexao_Banco_de_Dados\MSESExercicio7\src\test\resources
2022-02-05 21:31:04,612 [Worker-4: Building] WARN  o.e.m.c.i.embedder.EclipseLogger - Using platform encoding (Cp1252 actually) to copy filtered resources, i.e. build is platform dependent!
2022-02-05 21:31:04,613 [Worker-4: Building] INFO  o.e.m.c.i.embedder.EclipseLogger - skip non existing resourceDirectory C:\Users\Muryllo\Desktop\MSES_Exercicio_Conexao_Banco_de_Dados\MSESExercicio7\src\main\resources
2022-02-05 21:31:04,615 [Worker-4: Building] WARN  o.e.m.c.i.embedder.EclipseLogger - Using platform encoding (Cp1252 actually) to copy filtered resources, i.e. build is platform dependent!
2022-02-05 21:31:04,617 [Worker-4: Building] INFO  o.e.m.c.i.embedder.EclipseLogger - skip non existing resourceDirectory C:\Users\Muryllo\Desktop\MSES_Exercicio_Conexao_Banco_de_Dados\MSESExercicio7\src\test\resources
2022-02-05 21:32:31,048 [Worker-2: Building] WARN  o.e.m.c.i.embedder.EclipseLogger - Using platform encoding (Cp1252 actually) to copy filtered resources, i.e. build is platform dependent!
2022-02-05 21:32:31,050 [Worker-2: Building] INFO  o.e.m.c.i.embedder.EclipseLogger - skip non existing resourceDirectory C:\Users\Muryllo\Desktop\MSES_Exercicio_Conexao_Banco_de_Dados\MSESExercicio7\src\main\resources
2022-02-05 21:32:31,053 [Worker-2: Building] WARN  o.e.m.c.i.embedder.EclipseLogger - Using platform encoding (Cp1252 actually) to copy filtered resources, i.e. build is platform dependent!
2022-02-05 21:32:31,054 [Worker-2: Building] INFO  o.e.m.c.i.embedder.EclipseLogger - skip non existing resourceDirectory C:\Users\Muryllo\Desktop\MSES_Exercicio_Conexao_Banco_de_Dados\MSESExercicio7\src\test\resources
2022-02-05 21:33:40,691 [Worker-4: Building] WARN  o.e.m.c.i.embedder.EclipseLogger - Using platform encoding (Cp1252 actually) to copy filtered resources, i.e. build is platform dependent!
2022-02-05 21:33:40,692 [Worker-4: Building] INFO  o.e.m.c.i.embedder.EclipseLogger - skip non existing resourceDirectory C:\Users\Muryllo\Desktop\MSES_Exercicio_Conexao_Banco_de_Dados\MSESExercicio7\src\main\resources
2022-02-05 21:33:40,695 [Worker-4: Building] WARN  o.e.m.c.i.embedder.EclipseLogger - Using platform encoding (Cp1252 actually) to copy filtered resources, i.e. build is platform dependent!
2022-02-05 21:33:40,696 [Worker-4: Building] INFO  o.e.m.c.i.embedder.EclipseLogger - skip non existing resourceDirectory C:\Users\Muryllo\Desktop\MSES_Exercicio_Conexao_Banco_de_Dados\MSESExercicio7\src\test\resources
2022-02-05 21:33:44,426 [Worker-12: Building] WARN  o.e.m.c.i.embedder.EclipseLogger - Using platform encoding (Cp1252 actually) to copy filtered resources, i.e. build is platform dependent!
2022-02-05 21:33:44,427 [Worker-12: Building] INFO  o.e.m.c.i.embedder.EclipseLogger - skip non existing resourceDirectory C:\Users\Muryllo\Desktop\MSES_Exercicio_Conexao_Banco_de_Dados\MSESExercicio7\src\main\resources
2022-02-05 21:33:44,430 [Worker-12: Building] WARN  o.e.m.c.i.embedder.EclipseLogger - Using platform encoding (Cp1252 actually) to copy filtered resources, i.e. build is platform dependent!
2022-02-05 21:33:44,432 [Worker-12: Building] INFO  o.e.m.c.i.embedder.EclipseLogger - skip non existing resourceDirectory C:\Users\Muryllo\Desktop\MSES_Exercicio_Conexao_Banco_de_Dados\MSESExercicio7\src\test\resources
2022-02-05 21:42:33,008 [Worker-0: Loading available Gradle versions] INFO  o.e.b.c.i.u.g.PublishedGradleVersions - Gradle version information cache is up-to-date. Trying to read.
2022-02-05 21:42:34,877 [Worker-9: Building] WARN  o.e.m.c.i.embedder.EclipseLogger - Using platform encoding (Cp1252 actually) to copy filtered resources, i.e. build is platform dependent!
2022-02-05 21:42:34,879 [Worker-9: Building] INFO  o.e.m.c.i.embedder.EclipseLogger - skip non existing resourceDirectory C:\Users\Muryllo\Desktop\Ex_Banco_De_Dados\MSESExercicio7\src\main\resources
2022-02-05 21:42:34,882 [Worker-9: Building] WARN  o.e.m.c.i.embedder.EclipseLogger - Using platform encoding (Cp1252 actually) to copy filtered resources, i.e. build is platform dependent!
2022-02-05 21:42:34,884 [Worker-9: Building] INFO  o.e.m.c.i.embedder.EclipseLogger - skip non existing resourceDirectory C:\Users\Muryllo\Desktop\Ex_Banco_De_Dados\MSESExercicio7\src\test\resources
2022-02-05 21:44:08,529 [Worker-8: Building] WARN  o.e.m.c.i.embedder.EclipseLogger - Using platform encoding (Cp1252 actually) to copy filtered resources, i.e. build is platform dependent!
2022-02-05 21:44:08,532 [Worker-8: Building] INFO  o.e.m.c.i.embedder.EclipseLogger - skip non existing resourceDirectory C:\Users\Muryllo\Desktop\Ex_Banco_De_Dados\MSESExercicio7\src\main\resources
2022-02-05 21:44:08,535 [Worker-8: Building] WARN  o.e.m.c.i.embedder.EclipseLogger - Using platform encoding (Cp1252 actually) to copy filtered resources, i.e. build is platform dependent!
2022-02-05 21:44:08,537 [Worker-8: Building] INFO  o.e.m.c.i.embedder.EclipseLogger - skip non existing resourceDirectory C:\Users\Muryllo\Desktop\Ex_Banco_De_Dados\MSESExercicio7\src\test\resources
2022-02-05 21:45:08,957 [Worker-9: Building] WARN  o.e.m.c.i.embedder.EclipseLogger - Using platform encoding (Cp1252 actually) to copy filtered resources, i.e. build is platform dependent!
2022-02-05 21:45:08,958 [Worker-9: Building] INFO  o.e.m.c.i.embedder.EclipseLogger - skip non existing resourceDirectory C:\Users\Muryllo\Desktop\Ex_Banco_De_Dados\MSESExercicio7\src\main\resources
2022-02-05 21:45:08,959 [Worker-9: Building] WARN  o.e.m.c.i.embedder.EclipseLogger - Using platform encoding (Cp1252 actually) to copy filtered resources, i.e. build is platform dependent!
2022-02-05 21:45:08,960 [Worker-9: Building] INFO  o.e.m.c.i.embedder.EclipseLogger - skip non existing resourceDirectory C:\Users\Muryllo\Desktop\Ex_Banco_De_Dados\MSESExercicio7\src\test\resources
2022-02-05 21:47:46,340 [Worker-4: Building] WARN  o.e.m.c.i.embedder.EclipseLogger - Using platform encoding (Cp1252 actually) to copy filtered resources, i.e. build is platform dependent!
2022-02-05 21:47:46,343 [Worker-4: Building] INFO  o.e.m.c.i.embedder.EclipseLogger - skip non existing resourceDirectory C:\Users\Muryllo\Desktop\Ex_Banco_De_Dados\MSESExercicio7\src\main\resources
2022-02-05 21:47:46,345 [Worker-4: Building] WARN  o.e.m.c.i.embedder.EclipseLogger - Using platform encoding (Cp1252 actually) to copy filtered resources, i.e. build is platform dependent!
2022-02-05 21:47:46,346 [Worker-4: Building] INFO  o.e.m.c.i.embedder.EclipseLogger - skip non existing resourceDirectory C:\Users\Muryllo\Desktop\Ex_Banco_De_Dados\MSESExercicio7\src\test\resources
2022-02-05 21:48:00,122 [Worker-4: Building] WARN  o.e.m.c.i.embedder.EclipseLogger - Using platform encoding (Cp1252 actually) to copy filtered resources, i.e. build is platform dependent!
2022-02-05 21:48:00,125 [Worker-4: Building] INFO  o.e.m.c.i.embedder.EclipseLogger - skip non existing resourceDirectory C:\Users\Muryllo\Desktop\Ex_Banco_De_Dados\MSESExercicio7\src\main\resources
2022-02-05 21:48:00,127 [Worker-4: Building] WARN  o.e.m.c.i.embedder.EclipseLogger - Using platform encoding (Cp1252 actually) to copy filtered resources, i.e. build is platform dependent!
2022-02-05 21:48:00,129 [Worker-4: Building] INFO  o.e.m.c.i.embedder.EclipseLogger - skip non existing resourceDirectory C:\Users\Muryllo\Desktop\Ex_Banco_De_Dados\MSESExercicio7\src\test\resources
2022-02-05 21:54:04,456 [Worker-1: Building] WARN  o.e.m.c.i.embedder.EclipseLogger - Using platform encoding (Cp1252 actually) to copy filtered resources, i.e. build is platform dependent!
2022-02-05 21:54:04,457 [Worker-1: Building] INFO  o.e.m.c.i.embedder.EclipseLogger - skip non existing resourceDirectory C:\Users\Muryllo\Desktop\Ex_Banco_De_Dados\MSESExercicio7\src\main\resources
2022-02-05 21:54:04,459 [Worker-1: Building] WARN  o.e.m.c.i.embedder.EclipseLogger - Using platform encoding (Cp1252 actually) to copy filtered resources, i.e. build is platform dependent!
2022-02-05 21:54:04,460 [Worker-1: Building] INFO  o.e.m.c.i.embedder.EclipseLogger - skip non existing resourceDirectory C:\Users\Muryllo\Desktop\Ex_Banco_De_Dados\MSESExercicio7\src\test\resources
2022-02-06 00:32:53,923 [Worker-73: Building] WARN  o.e.m.c.i.embedder.EclipseLogger - Using platform encoding (Cp1252 actually) to copy filtered resources, i.e. build is platform dependent!
2022-02-06 00:32:53,927 [Worker-73: Building] INFO  o.e.m.c.i.embedder.EclipseLogger - skip non existing resourceDirectory C:\Users\Muryllo\Desktop\Ex_Banco_De_Dados\MSESExercicio7\src\main\resources
2022-02-06 00:32:53,928 [Worker-73: Building] WARN  o.e.m.c.i.embedder.EclipseLogger - Using platform encoding (Cp1252 actually) to copy filtered resources, i.e. build is platform dependent!
2022-02-06 00:32:53,929 [Worker-73: Building] INFO  o.e.m.c.i.embedder.EclipseLogger - skip non existing resourceDirectory C:\Users\Muryllo\Desktop\Ex_Banco_De_Dados\MSESExercicio7\src\test\resources
2022-02-06 11:42:56,063 [Worker-3: Loading available Gradle versions] INFO  o.e.b.c.i.u.g.PublishedGradleVersions - Gradle version information cache is up-to-date. Trying to read.
2022-02-06 11:50:36,771 [Worker-7: Building] WARN  o.e.m.c.i.embedder.EclipseLogger - Using platform encoding (Cp1252 actually) to copy filtered resources, i.e. build is platform dependent!
2022-02-06 11:50:36,775 [Worker-7: Building] INFO  o.e.m.c.i.embedder.EclipseLogger - skip non existing resourceDirectory C:\Users\Muryllo\Desktop\Ex_Banco_De_Dados\MSESExercicio7\src\main\resources
2022-02-06 11:50:36,778 [Worker-7: Building] WARN  o.e.m.c.i.embedder.EclipseLogger - Using platform encoding (Cp1252 actually) to copy filtered resources, i.e. build is platform dependent!
2022-02-06 11:50:36,779 [Worker-7: Building] INFO  o.e.m.c.i.embedder.EclipseLogger - skip non existing resourceDirectory C:\Users\Muryllo\Desktop\Ex_Banco_De_Dados\MSESExercicio7\src\test\resources
2022-02-06 11:50:46,873 [Worker-4: Building] WARN  o.e.m.c.i.embedder.EclipseLogger - Using platform encoding (Cp1252 actually) to copy filtered resources, i.e. build is platform dependent!
2022-02-06 11:50:46,874 [Worker-4: Building] INFO  o.e.m.c.i.embedder.EclipseLogger - skip non existing resourceDirectory C:\Users\Muryllo\Desktop\Ex_Banco_De_Dados\MSESExercicio7\src\main\resources
2022-02-06 11:50:46,875 [Worker-4: Building] WARN  o.e.m.c.i.embedder.EclipseLogger - Using platform encoding (Cp1252 actually) to copy filtered resources, i.e. build is platform dependent!
2022-02-06 11:50:46,876 [Worker-4: Building] INFO  o.e.m.c.i.embedder.EclipseLogger - skip non existing resourceDirectory C:\Users\Muryllo\Desktop\Ex_Banco_De_Dados\MSESExercicio7\src\test\resources
2022-02-06 11:51:47,129 [Worker-8: Building] WARN  o.e.m.c.i.embedder.EclipseLogger - Using platform encoding (Cp1252 actually) to copy filtered resources, i.e. build is platform dependent!
2022-02-06 11:51:47,130 [Worker-8: Building] INFO  o.e.m.c.i.embedder.EclipseLogger - skip non existing resourceDirectory C:\Users\Muryllo\Desktop\Ex_Banco_De_Dados\MSESExercicio7\src\main\resources
2022-02-06 11:51:47,132 [Worker-8: Building] WARN  o.e.m.c.i.embedder.EclipseLogger - Using platform encoding (Cp1252 actually) to copy filtered resources, i.e. build is platform dependent!
2022-02-06 11:51:47,133 [Worker-8: Building] INFO  o.e.m.c.i.embedder.EclipseLogger - skip non existing resourceDirectory C:\Users\Muryllo\Desktop\Ex_Banco_De_Dados\MSESExercicio7\src\test\resources
2022-02-06 12:13:38,498 [Worker-10: Building] WARN  o.e.m.c.i.embedder.EclipseLogger - Using platform encoding (Cp1252 actually) to copy filtered resources, i.e. build is platform dependent!
2022-02-06 12:13:38,499 [Worker-10: Building] INFO  o.e.m.c.i.embedder.EclipseLogger - skip non existing resourceDirectory C:\Users\Muryllo\Desktop\Ex_Banco_De_Dados\MSESExercicio7\src\main\resources
2022-02-06 12:13:38,501 [Worker-10: Building] WARN  o.e.m.c.i.embedder.EclipseLogger - Using platform encoding (Cp1252 actually) to copy filtered resources, i.e. build is platform dependent!
2022-02-06 12:13:38,502 [Worker-10: Building] INFO  o.e.m.c.i.embedder.EclipseLogger - skip non existing resourceDirectory C:\Users\Muryllo\Desktop\Ex_Banco_De_Dados\MSESExercicio7\src\test\resources
2022-02-06 12:14:24,502 [Worker-21: Building] WARN  o.e.m.c.i.embedder.EclipseLogger - Using platform encoding (Cp1252 actually) to copy filtered resources, i.e. build is platform dependent!
2022-02-06 12:14:24,503 [Worker-21: Building] INFO  o.e.m.c.i.embedder.EclipseLogger - skip non existing resourceDirectory C:\Users\Muryllo\Desktop\Ex_Banco_De_Dados\MSESExercicio7\src\main\resources
2022-02-06 12:14:24,504 [Worker-21: Building] WARN  o.e.m.c.i.embedder.EclipseLogger - Using platform encoding (Cp1252 actually) to copy filtered resources, i.e. build is platform dependent!
2022-02-06 12:14:24,505 [Worker-21: Building] INFO  o.e.m.c.i.embedder.EclipseLogger - skip non existing resourceDirectory C:\Users\Muryllo\Desktop\Ex_Banco_De_Dados\MSESExercicio7\src\test\resources
2022-02-06 12:16:08,862 [Worker-4: Building] WARN  o.e.m.c.i.embedder.EclipseLogger - Using platform encoding (Cp1252 actually) to copy filtered resources, i.e. build is platform dependent!
2022-02-06 12:16:08,863 [Worker-4: Building] INFO  o.e.m.c.i.embedder.EclipseLogger - skip non existing resourceDirectory C:\Users\Muryllo\Desktop\Ex_Banco_De_Dados\MSESExercicio7\src\main\resources
2022-02-06 12:16:08,864 [Worker-4: Building] WARN  o.e.m.c.i.embedder.EclipseLogger - Using platform encoding (Cp1252 actually) to copy filtered resources, i.e. build is platform dependent!
2022-02-06 12:16:08,864 [Worker-4: Building] INFO  o.e.m.c.i.embedder.EclipseLogger - skip non existing resourceDirectory C:\Users\Muryllo\Desktop\Ex_Banco_De_Dados\MSESExercicio7\src\test\resources
2022-02-06 12:27:15,541 [Worker-7: Building] WARN  o.e.m.c.i.embedder.EclipseLogger - Using platform encoding (Cp1252 actually) to copy filtered resources, i.e. build is platform dependent!
2022-02-06 12:27:15,542 [Worker-7: Building] INFO  o.e.m.c.i.embedder.EclipseLogger - skip non existing resourceDirectory C:\Users\Muryllo\Desktop\Ex_Banco_De_Dados\MSESExercicio7\src\main\resources
2022-02-06 12:27:15,543 [Worker-7: Building] WARN  o.e.m.c.i.embedder.EclipseLogger - Using platform encoding (Cp1252 actually) to copy filtered resources, i.e. build is platform dependent!
2022-02-06 12:27:15,544 [Worker-7: Building] INFO  o.e.m.c.i.embedder.EclipseLogger - skip non existing resourceDirectory C:\Users\Muryllo\Desktop\Ex_Banco_De_Dados\MSESExercicio7\src\test\resources
2022-02-06 12:27:25,162 [Worker-3: Building] WARN  o.e.m.c.i.embedder.EclipseLogger - Using platform encoding (Cp1252 actually) to copy filtered resources, i.e. build is platform dependent!
2022-02-06 12:27:25,162 [Worker-3: Building] INFO  o.e.m.c.i.embedder.EclipseLogger - skip non existing resourceDirectory C:\Users\Muryllo\Desktop\Ex_Banco_De_Dados\MSESExercicio7\src\main\resources
2022-02-06 12:27:25,164 [Worker-3: Building] WARN  o.e.m.c.i.embedder.EclipseLogger - Using platform encoding (Cp1252 actually) to copy filtered resources, i.e. build is platform dependent!
2022-02-06 12:27:25,165 [Worker-3: Building] INFO  o.e.m.c.i.embedder.EclipseLogger - skip non existing resourceDirectory C:\Users\Muryllo\Desktop\Ex_Banco_De_Dados\MSESExercicio7\src\test\resources
2022-02-06 12:28:31,170 [Worker-4: Building] WARN  o.e.m.c.i.embedder.EclipseLogger - Using platform encoding (Cp1252 actually) to copy filtered resources, i.e. build is platform dependent!
2022-02-06 12:28:31,170 [Worker-4: Building] INFO  o.e.m.c.i.embedder.EclipseLogger - skip non existing resourceDirectory C:\Users\Muryllo\Desktop\Ex_Banco_De_Dados\MSESExercicio7\src\main\resources
2022-02-06 12:28:31,171 [Worker-4: Building] WARN  o.e.m.c.i.embedder.EclipseLogger - Using platform encoding (Cp1252 actually) to copy filtered resources, i.e. build is platform dependent!
2022-02-06 12:28:31,172 [Worker-4: Building] INFO  o.e.m.c.i.embedder.EclipseLogger - skip non existing resourceDirectory C:\Users\Muryllo\Desktop\Ex_Banco_De_Dados\MSESExercicio7\src\test\resources
2022-02-06 12:30:52,968 [Worker-4: Building] WARN  o.e.m.c.i.embedder.EclipseLogger - Using platform encoding (Cp1252 actually) to copy filtered resources, i.e. build is platform dependent!
2022-02-06 12:30:52,968 [Worker-4: Building] INFO  o.e.m.c.i.embedder.EclipseLogger - skip non existing resourceDirectory C:\Users\Muryllo\Desktop\Ex_Banco_De_Dados\MSESExercicio7\src\main\resources
2022-02-06 12:30:52,969 [Worker-4: Building] WARN  o.e.m.c.i.embedder.EclipseLogger - Using platform encoding (Cp1252 actually) to copy filtered resources, i.e. build is platform dependent!
2022-02-06 12:30:52,970 [Worker-4: Building] INFO  o.e.m.c.i.embedder.EclipseLogger - skip non existing resourceDirectory C:\Users\Muryllo\Desktop\Ex_Banco_De_Dados\MSESExercicio7\src\test\resources
2022-02-06 17:11:00,199 [Worker-50: Building] WARN  o.e.m.c.i.embedder.EclipseLogger - Using platform encoding (Cp1252 actually) to copy filtered resources, i.e. build is platform dependent!
2022-02-06 17:11:00,201 [Worker-50: Building] INFO  o.e.m.c.i.embedder.EclipseLogger - skip non existing resourceDirectory C:\Users\Muryllo\Desktop\Ex_Banco_De_Dados\MSESExercicio7\src\main\resources
2022-02-06 17:11:00,202 [Worker-50: Building] WARN  o.e.m.c.i.embedder.EclipseLogger - Using platform encoding (Cp1252 actually) to copy filtered resources, i.e. build is platform dependent!
2022-02-06 17:11:00,203 [Worker-50: Building] INFO  o.e.m.c.i.embedder.EclipseLogger - skip non existing resourceDirectory C:\Users\Muryllo\Desktop\Ex_Banco_De_Dados\MSESExercicio7\src\test\resources
2022-02-06 17:11:50,222 [Worker-48: Building] WARN  o.e.m.c.i.embedder.EclipseLogger - Using platform encoding (Cp1252 actually) to copy filtered resources, i.e. build is platform dependent!
2022-02-06 17:11:50,223 [Worker-48: Building] INFO  o.e.m.c.i.embedder.EclipseLogger - skip non existing resourceDirectory C:\Users\Muryllo\Desktop\Ex_Banco_De_Dados\MSESExercicio7\src\main\resources
2022-02-06 17:11:50,224 [Worker-48: Building] WARN  o.e.m.c.i.embedder.EclipseLogger - Using platform encoding (Cp1252 actually) to copy filtered resources, i.e. build is platform dependent!
2022-02-06 17:11:50,225 [Worker-48: Building] INFO  o.e.m.c.i.embedder.EclipseLogger - skip non existing resourceDirectory C:\Users\Muryllo\Desktop\Ex_Banco_De_Dados\MSESExercicio7\src\test\resources
2022-02-06 17:14:14,332 [Worker-3: Loading available Gradle versions] INFO  o.e.b.c.i.u.g.PublishedGradleVersions - Gradle version information cache is up-to-date. Trying to read.
2022-02-06 17:36:26,334 [Worker-26: Building] WARN  o.e.m.c.i.embedder.EclipseLogger - Using platform encoding (Cp1252 actually) to copy filtered resources, i.e. build is platform dependent!
2022-02-06 17:36:26,337 [Worker-26: Building] INFO  o.e.m.c.i.embedder.EclipseLogger - skip non existing resourceDirectory C:\Users\Muryllo\Desktop\Ex_Banco_De_Dados\MSESExercicio7\src\main\resources
2022-02-06 17:36:26,339 [Worker-26: Building] WARN  o.e.m.c.i.embedder.EclipseLogger - Using platform encoding (Cp1252 actually) to copy filtered resources, i.e. build is platform dependent!
2022-02-06 17:36:26,341 [Worker-26: Building] INFO  o.e.m.c.i.embedder.EclipseLogger - skip non existing resourceDirectory C:\Users\Muryllo\Desktop\Ex_Banco_De_Dados\MSESExercicio7\src\test\resources
2022-02-06 22:39:10,710 [Worker-105: Building] WARN  o.e.m.c.i.embedder.EclipseLogger - Using platform encoding (Cp1252 actually) to copy filtered resources, i.e. build is platform dependent!
2022-02-06 22:39:10,714 [Worker-105: Building] INFO  o.e.m.c.i.embedder.EclipseLogger - skip non existing resourceDirectory C:\Users\Muryllo\Desktop\Ex_Banco_De_Dados\MSESExercicio7\src\main\resources
2022-02-06 22:39:10,717 [Worker-105: Building] WARN  o.e.m.c.i.embedder.EclipseLogger - Using platform encoding (Cp1252 actually) to copy filtered resources, i.e. build is platform dependent!
2022-02-06 22:39:10,718 [Worker-105: Building] INFO  o.e.m.c.i.embedder.EclipseLogger - skip non existing resourceDirectory C:\Users\Muryllo\Desktop\Ex_Banco_De_Dados\MSESExercicio7\src\test\resources
2022-02-06 22:39:25,916 [Worker-103: Building] WARN  o.e.m.c.i.embedder.EclipseLogger - Using platform encoding (Cp1252 actually) to copy filtered resources, i.e. build is platform dependent!
2022-02-06 22:39:25,918 [Worker-103: Building] INFO  o.e.m.c.i.embedder.EclipseLogger - skip non existing resourceDirectory C:\Users\Muryllo\Desktop\Ex_Banco_De_Dados\MSESExercicio7\src\main\resources
